{"K:\\Projeto FichaParanormal\\server\\config\\express.js": {"path":"K:\\Projeto FichaParanormal\\server\\config\\express.js","statementMap":{"0":{"start":{"line":1,"column":16},"end":{"line":1,"column":34}},"1":{"start":{"line":2,"column":13},"end":{"line":2,"column":28}},"2":{"start":{"line":3,"column":15},"end":{"line":3,"column":32}},"3":{"start":{"line":4,"column":15},"end":{"line":4,"column":32}},"4":{"start":{"line":5,"column":27},"end":{"line":5,"column":43}},"5":{"start":{"line":7,"column":12},"end":{"line":7,"column":21}},"6":{"start":{"line":10,"column":0},"end":{"line":10,"column":16}},"7":{"start":{"line":11,"column":0},"end":{"line":11,"column":18}},"8":{"start":{"line":12,"column":0},"end":{"line":12,"column":23}},"9":{"start":{"line":13,"column":0},"end":{"line":13,"column":24}},"10":{"start":{"line":14,"column":0},"end":{"line":14,"column":48}},"11":{"start":{"line":17,"column":0},"end":{"line":17,"column":48}},"12":{"start":{"line":20,"column":0},"end":{"line":20,"column":24}},"13":{"start":{"line":23,"column":0},"end":{"line":23,"column":58}},"14":{"start":{"line":24,"column":0},"end":{"line":24,"column":60}},"15":{"start":{"line":25,"column":0},"end":{"line":25,"column":56}},"16":{"start":{"line":28,"column":0},"end":{"line":31,"column":3}},"17":{"start":{"line":29,"column":2},"end":{"line":29,"column":27}},"18":{"start":{"line":30,"column":2},"end":{"line":30,"column":64}},"19":{"start":{"line":33,"column":0},"end":{"line":33,"column":21}}},"fnMap":{"0":{"name":"(anonymous_0)","decl":{"start":{"line":28,"column":8},"end":{"line":28,"column":9}},"loc":{"start":{"line":28,"column":33},"end":{"line":31,"column":1}},"line":28}},"branchMap":{},"s":{"0":1,"1":1,"2":1,"3":1,"4":1,"5":1,"6":1,"7":1,"8":1,"9":1,"10":1,"11":1,"12":1,"13":1,"14":1,"15":1,"16":1,"17":0,"18":0,"19":1},"f":{"0":0},"b":{},"_coverageSchema":"1a1c01bbd47fc00a2c39e90264f33305004495a9","hash":"844b8ff58c4cd4389e3bdc66c5b7f0f9a48bbbfb"}
,"K:\\Projeto FichaParanormal\\server\\config\\jwt.js": {"path":"K:\\Projeto FichaParanormal\\server\\config\\jwt.js","statementMap":{"0":{"start":{"line":1,"column":12},"end":{"line":1,"column":35}},"1":{"start":{"line":2,"column":13},"end":{"line":2,"column":38}},"2":{"start":{"line":4,"column":22},"end":{"line":14,"column":1}},"3":{"start":{"line":5,"column":2},"end":{"line":13,"column":4}},"4":{"start":{"line":16,"column":20},"end":{"line":22,"column":1}},"5":{"start":{"line":17,"column":2},"end":{"line":21,"column":3}},"6":{"start":{"line":18,"column":4},"end":{"line":18,"column":53}},"7":{"start":{"line":20,"column":4},"end":{"line":20,"column":16}},"8":{"start":{"line":24,"column":23},"end":{"line":45,"column":1}},"9":{"start":{"line":25,"column":16},"end":{"line":25,"column":56}},"10":{"start":{"line":27,"column":2},"end":{"line":32,"column":3}},"11":{"start":{"line":28,"column":4},"end":{"line":31,"column":7}},"12":{"start":{"line":34,"column":18},"end":{"line":34,"column":36}},"13":{"start":{"line":36,"column":2},"end":{"line":41,"column":3}},"14":{"start":{"line":37,"column":4},"end":{"line":40,"column":7}},"15":{"start":{"line":43,"column":2},"end":{"line":43,"column":21}},"16":{"start":{"line":44,"column":2},"end":{"line":44,"column":9}},"17":{"start":{"line":47,"column":0},"end":{"line":51,"column":2}}},"fnMap":{"0":{"name":"(anonymous_0)","decl":{"start":{"line":4,"column":22},"end":{"line":4,"column":23}},"loc":{"start":{"line":4,"column":32},"end":{"line":14,"column":1}},"line":4},"1":{"name":"(anonymous_1)","decl":{"start":{"line":16,"column":20},"end":{"line":16,"column":21}},"loc":{"start":{"line":16,"column":31},"end":{"line":22,"column":1}},"line":16},"2":{"name":"(anonymous_2)","decl":{"start":{"line":24,"column":23},"end":{"line":24,"column":24}},"loc":{"start":{"line":24,"column":43},"end":{"line":45,"column":1}},"line":24}},"branchMap":{"0":{"loc":{"start":{"line":27,"column":2},"end":{"line":32,"column":3}},"type":"if","locations":[{"start":{"line":27,"column":2},"end":{"line":32,"column":3}},{"start":{},"end":{}}],"line":27},"1":{"loc":{"start":{"line":36,"column":2},"end":{"line":41,"column":3}},"type":"if","locations":[{"start":{"line":36,"column":2},"end":{"line":41,"column":3}},{"start":{},"end":{}}],"line":36}},"s":{"0":1,"1":1,"2":1,"3":2,"4":1,"5":0,"6":0,"7":0,"8":1,"9":0,"10":0,"11":0,"12":0,"13":0,"14":0,"15":0,"16":0,"17":1},"f":{"0":2,"1":0,"2":0},"b":{"0":[0,0],"1":[0,0]},"_coverageSchema":"1a1c01bbd47fc00a2c39e90264f33305004495a9","hash":"caef3a5e312c547f2835789ffe2ef30156d4b6aa"}
,"K:\\Projeto FichaParanormal\\server\\controllers\\authController.js": {"path":"K:\\Projeto FichaParanormal\\server\\controllers\\authController.js","statementMap":{"0":{"start":{"line":1,"column":15},"end":{"line":1,"column":34}},"1":{"start":{"line":2,"column":13},"end":{"line":2,"column":38}},"2":{"start":{"line":3,"column":12},"end":{"line":3,"column":35}},"3":{"start":{"line":5,"column":22},"end":{"line":9,"column":1}},"4":{"start":{"line":6,"column":2},"end":{"line":8,"column":5}},"5":{"start":{"line":11,"column":23},"end":{"line":124,"column":1}},"6":{"start":{"line":13,"column":4},"end":{"line":45,"column":5}},"7":{"start":{"line":14,"column":46},"end":{"line":14,"column":54}},"8":{"start":{"line":17,"column":27},"end":{"line":17,"column":56}},"9":{"start":{"line":18,"column":6},"end":{"line":20,"column":7}},"10":{"start":{"line":19,"column":8},"end":{"line":19,"column":72}},"11":{"start":{"line":23,"column":19},"end":{"line":28,"column":8}},"12":{"start":{"line":31,"column":20},"end":{"line":31,"column":39}},"13":{"start":{"line":33,"column":6},"end":{"line":42,"column":9}},"14":{"start":{"line":44,"column":6},"end":{"line":44,"column":85}},"15":{"start":{"line":49,"column":4},"end":{"line":79,"column":5}},"16":{"start":{"line":50,"column":34},"end":{"line":50,"column":42}},"17":{"start":{"line":53,"column":19},"end":{"line":53,"column":68}},"18":{"start":{"line":54,"column":6},"end":{"line":56,"column":7}},"19":{"start":{"line":55,"column":8},"end":{"line":55,"column":77}},"20":{"start":{"line":59,"column":28},"end":{"line":59,"column":64}},"21":{"start":{"line":60,"column":6},"end":{"line":62,"column":7}},"22":{"start":{"line":61,"column":8},"end":{"line":61,"column":77}},"23":{"start":{"line":65,"column":20},"end":{"line":65,"column":39}},"24":{"start":{"line":67,"column":6},"end":{"line":76,"column":9}},"25":{"start":{"line":78,"column":6},"end":{"line":78,"column":86}},"26":{"start":{"line":83,"column":4},"end":{"line":96,"column":5}},"27":{"start":{"line":84,"column":19},"end":{"line":87,"column":30}},"28":{"start":{"line":89,"column":6},"end":{"line":91,"column":7}},"29":{"start":{"line":90,"column":8},"end":{"line":90,"column":75}},"30":{"start":{"line":93,"column":6},"end":{"line":93,"column":21}},"31":{"start":{"line":95,"column":6},"end":{"line":95,"column":87}},"32":{"start":{"line":100,"column":4},"end":{"line":122,"column":5}},"33":{"start":{"line":101,"column":40},"end":{"line":101,"column":48}},"34":{"start":{"line":102,"column":19},"end":{"line":102,"column":51}},"35":{"start":{"line":104,"column":6},"end":{"line":106,"column":7}},"36":{"start":{"line":105,"column":8},"end":{"line":105,"column":75}},"37":{"start":{"line":108,"column":6},"end":{"line":108,"column":33}},"38":{"start":{"line":108,"column":16},"end":{"line":108,"column":33}},"39":{"start":{"line":109,"column":6},"end":{"line":109,"column":36}},"40":{"start":{"line":109,"column":17},"end":{"line":109,"column":36}},"41":{"start":{"line":110,"column":6},"end":{"line":110,"column":45}},"42":{"start":{"line":110,"column":20},"end":{"line":110,"column":45}},"43":{"start":{"line":112,"column":6},"end":{"line":112,"column":24}},"44":{"start":{"line":114,"column":6},"end":{"line":119,"column":9}},"45":{"start":{"line":121,"column":6},"end":{"line":121,"column":90}},"46":{"start":{"line":126,"column":0},"end":{"line":126,"column":32}}},"fnMap":{"0":{"name":"(anonymous_0)","decl":{"start":{"line":5,"column":22},"end":{"line":5,"column":23}},"loc":{"start":{"line":5,"column":32},"end":{"line":9,"column":1}},"line":5},"1":{"name":"(anonymous_1)","decl":{"start":{"line":12,"column":2},"end":{"line":12,"column":3}},"loc":{"start":{"line":12,"column":27},"end":{"line":46,"column":3}},"line":12},"2":{"name":"(anonymous_2)","decl":{"start":{"line":48,"column":2},"end":{"line":48,"column":3}},"loc":{"start":{"line":48,"column":24},"end":{"line":80,"column":3}},"line":48},"3":{"name":"(anonymous_3)","decl":{"start":{"line":82,"column":2},"end":{"line":82,"column":3}},"loc":{"start":{"line":82,"column":29},"end":{"line":97,"column":3}},"line":82},"4":{"name":"(anonymous_4)","decl":{"start":{"line":99,"column":2},"end":{"line":99,"column":3}},"loc":{"start":{"line":99,"column":32},"end":{"line":123,"column":3}},"line":99}},"branchMap":{"0":{"loc":{"start":{"line":18,"column":6},"end":{"line":20,"column":7}},"type":"if","locations":[{"start":{"line":18,"column":6},"end":{"line":20,"column":7}},{"start":{},"end":{}}],"line":18},"1":{"loc":{"start":{"line":27,"column":14},"end":{"line":27,"column":30}},"type":"binary-expr","locations":[{"start":{"line":27,"column":14},"end":{"line":27,"column":18}},{"start":{"line":27,"column":22},"end":{"line":27,"column":30}}],"line":27},"2":{"loc":{"start":{"line":54,"column":6},"end":{"line":56,"column":7}},"type":"if","locations":[{"start":{"line":54,"column":6},"end":{"line":56,"column":7}},{"start":{},"end":{}}],"line":54},"3":{"loc":{"start":{"line":60,"column":6},"end":{"line":62,"column":7}},"type":"if","locations":[{"start":{"line":60,"column":6},"end":{"line":62,"column":7}},{"start":{},"end":{}}],"line":60},"4":{"loc":{"start":{"line":89,"column":6},"end":{"line":91,"column":7}},"type":"if","locations":[{"start":{"line":89,"column":6},"end":{"line":91,"column":7}},{"start":{},"end":{}}],"line":89},"5":{"loc":{"start":{"line":104,"column":6},"end":{"line":106,"column":7}},"type":"if","locations":[{"start":{"line":104,"column":6},"end":{"line":106,"column":7}},{"start":{},"end":{}}],"line":104},"6":{"loc":{"start":{"line":108,"column":6},"end":{"line":108,"column":33}},"type":"if","locations":[{"start":{"line":108,"column":6},"end":{"line":108,"column":33}},{"start":{},"end":{}}],"line":108},"7":{"loc":{"start":{"line":109,"column":6},"end":{"line":109,"column":36}},"type":"if","locations":[{"start":{"line":109,"column":6},"end":{"line":109,"column":36}},{"start":{},"end":{}}],"line":109},"8":{"loc":{"start":{"line":110,"column":6},"end":{"line":110,"column":45}},"type":"if","locations":[{"start":{"line":110,"column":6},"end":{"line":110,"column":45}},{"start":{},"end":{}}],"line":110}},"s":{"0":1,"1":1,"2":1,"3":1,"4":2,"5":1,"6":2,"7":2,"8":2,"9":2,"10":1,"11":1,"12":1,"13":1,"14":0,"15":2,"16":2,"17":2,"18":2,"19":0,"20":2,"21":2,"22":1,"23":1,"24":1,"25":0,"26":1,"27":1,"28":0,"29":0,"30":0,"31":1,"32":0,"33":0,"34":0,"35":0,"36":0,"37":0,"38":0,"39":0,"40":0,"41":0,"42":0,"43":0,"44":0,"45":0,"46":1},"f":{"0":2,"1":2,"2":2,"3":1,"4":0},"b":{"0":[1,1],"1":[1,0],"2":[0,2],"3":[1,1],"4":[0,0],"5":[0,0],"6":[0,0],"7":[0,0],"8":[0,0]},"_coverageSchema":"1a1c01bbd47fc00a2c39e90264f33305004495a9","hash":"23fd9fdba9ddd97be5def71984d479281e6a2b53"}
,"K:\\Projeto FichaParanormal\\server\\middleware\\auth.js": {"path":"K:\\Projeto FichaParanormal\\server\\middleware\\auth.js","statementMap":{"0":{"start":{"line":1,"column":12},"end":{"line":1,"column":35}},"1":{"start":{"line":2,"column":13},"end":{"line":2,"column":38}},"2":{"start":{"line":4,"column":13},"end":{"line":24,"column":1}},"3":{"start":{"line":5,"column":2},"end":{"line":23,"column":3}},"4":{"start":{"line":6,"column":18},"end":{"line":6,"column":69}},"5":{"start":{"line":8,"column":4},"end":{"line":10,"column":5}},"6":{"start":{"line":9,"column":6},"end":{"line":9,"column":70}},"7":{"start":{"line":12,"column":20},"end":{"line":12,"column":61}},"8":{"start":{"line":13,"column":17},"end":{"line":13,"column":48}},"9":{"start":{"line":15,"column":4},"end":{"line":17,"column":5}},"10":{"start":{"line":16,"column":6},"end":{"line":16,"column":73}},"11":{"start":{"line":19,"column":4},"end":{"line":19,"column":20}},"12":{"start":{"line":20,"column":4},"end":{"line":20,"column":11}},"13":{"start":{"line":22,"column":4},"end":{"line":22,"column":56}},"14":{"start":{"line":26,"column":17},"end":{"line":35,"column":1}},"15":{"start":{"line":27,"column":2},"end":{"line":34,"column":3}},"16":{"start":{"line":28,"column":4},"end":{"line":30,"column":5}},"17":{"start":{"line":29,"column":6},"end":{"line":29,"column":106}},"18":{"start":{"line":31,"column":4},"end":{"line":31,"column":11}},"19":{"start":{"line":33,"column":4},"end":{"line":33,"column":70}},"20":{"start":{"line":37,"column":0},"end":{"line":37,"column":36}}},"fnMap":{"0":{"name":"(anonymous_0)","decl":{"start":{"line":4,"column":13},"end":{"line":4,"column":14}},"loc":{"start":{"line":4,"column":39},"end":{"line":24,"column":1}},"line":4},"1":{"name":"(anonymous_1)","decl":{"start":{"line":26,"column":17},"end":{"line":26,"column":18}},"loc":{"start":{"line":26,"column":43},"end":{"line":35,"column":1}},"line":26}},"branchMap":{"0":{"loc":{"start":{"line":8,"column":4},"end":{"line":10,"column":5}},"type":"if","locations":[{"start":{"line":8,"column":4},"end":{"line":10,"column":5}},{"start":{},"end":{}}],"line":8},"1":{"loc":{"start":{"line":15,"column":4},"end":{"line":17,"column":5}},"type":"if","locations":[{"start":{"line":15,"column":4},"end":{"line":17,"column":5}},{"start":{},"end":{}}],"line":15},"2":{"loc":{"start":{"line":28,"column":4},"end":{"line":30,"column":5}},"type":"if","locations":[{"start":{"line":28,"column":4},"end":{"line":30,"column":5}},{"start":{},"end":{}}],"line":28}},"s":{"0":2,"1":2,"2":2,"3":5,"4":5,"5":5,"6":2,"7":3,"8":2,"9":2,"10":0,"11":2,"12":2,"13":1,"14":2,"15":2,"16":2,"17":1,"18":1,"19":0,"20":2},"f":{"0":5,"1":2},"b":{"0":[2,3],"1":[0,2],"2":[1,1]},"_coverageSchema":"1a1c01bbd47fc00a2c39e90264f33305004495a9","hash":"e63bc98d21ec971fa14195cc65d50d0f059a390b"}
,"K:\\Projeto FichaParanormal\\server\\models\\Campaign.js": {"path":"K:\\Projeto FichaParanormal\\server\\models\\Campaign.js","statementMap":{"0":{"start":{"line":1,"column":17},"end":{"line":1,"column":36}},"1":{"start":{"line":3,"column":23},"end":{"line":61,"column":2}},"2":{"start":{"line":64,"column":0},"end":{"line":67,"column":3}},"3":{"start":{"line":65,"column":2},"end":{"line":65,"column":30}},"4":{"start":{"line":66,"column":2},"end":{"line":66,"column":9}},"5":{"start":{"line":69,"column":0},"end":{"line":69,"column":60}}},"fnMap":{"0":{"name":"(anonymous_0)","decl":{"start":{"line":64,"column":27},"end":{"line":64,"column":28}},"loc":{"start":{"line":64,"column":42},"end":{"line":67,"column":1}},"line":64}},"branchMap":{},"s":{"0":1,"1":1,"2":1,"3":4,"4":4,"5":1},"f":{"0":4},"b":{},"_coverageSchema":"1a1c01bbd47fc00a2c39e90264f33305004495a9","hash":"6a1a57eda33daa078aac90bb39be7d422f9b83d5"}
,"K:\\Projeto FichaParanormal\\server\\models\\Character.js": {"path":"K:\\Projeto FichaParanormal\\server\\models\\Character.js","statementMap":{"0":{"start":{"line":1,"column":17},"end":{"line":1,"column":36}},"1":{"start":{"line":3,"column":24},"end":{"line":123,"column":2}},"2":{"start":{"line":126,"column":0},"end":{"line":129,"column":3}},"3":{"start":{"line":127,"column":2},"end":{"line":127,"column":30}},"4":{"start":{"line":128,"column":2},"end":{"line":128,"column":9}},"5":{"start":{"line":131,"column":0},"end":{"line":131,"column":62}}},"fnMap":{"0":{"name":"(anonymous_0)","decl":{"start":{"line":126,"column":28},"end":{"line":126,"column":29}},"loc":{"start":{"line":126,"column":43},"end":{"line":129,"column":1}},"line":126}},"branchMap":{},"s":{"0":1,"1":1,"2":1,"3":3,"4":3,"5":1},"f":{"0":3},"b":{},"_coverageSchema":"1a1c01bbd47fc00a2c39e90264f33305004495a9","hash":"27757cfad4bd46cf781481151980dfbd53b561b7"}
,"K:\\Projeto FichaParanormal\\server\\models\\Session.js": {"path":"K:\\Projeto FichaParanormal\\server\\models\\Session.js","statementMap":{"0":{"start":{"line":1,"column":17},"end":{"line":1,"column":36}},"1":{"start":{"line":3,"column":22},"end":{"line":34,"column":2}},"2":{"start":{"line":36,"column":22},"end":{"line":94,"column":2}},"3":{"start":{"line":97,"column":0},"end":{"line":100,"column":3}},"4":{"start":{"line":98,"column":2},"end":{"line":98,"column":30}},"5":{"start":{"line":99,"column":2},"end":{"line":99,"column":9}},"6":{"start":{"line":102,"column":0},"end":{"line":102,"column":58}}},"fnMap":{"0":{"name":"(anonymous_0)","decl":{"start":{"line":97,"column":26},"end":{"line":97,"column":27}},"loc":{"start":{"line":97,"column":41},"end":{"line":100,"column":1}},"line":97}},"branchMap":{},"s":{"0":1,"1":1,"2":1,"3":1,"4":4,"5":4,"6":1},"f":{"0":4},"b":{},"_coverageSchema":"1a1c01bbd47fc00a2c39e90264f33305004495a9","hash":"8e462ce0318955280b2aebc938ac7db8ace5c071"}
,"K:\\Projeto FichaParanormal\\server\\models\\User.js": {"path":"K:\\Projeto FichaParanormal\\server\\models\\User.js","statementMap":{"0":{"start":{"line":1,"column":17},"end":{"line":1,"column":36}},"1":{"start":{"line":2,"column":15},"end":{"line":2,"column":34}},"2":{"start":{"line":4,"column":19},"end":{"line":41,"column":2}},"3":{"start":{"line":44,"column":0},"end":{"line":54,"column":3}},"4":{"start":{"line":45,"column":2},"end":{"line":45,"column":50}},"5":{"start":{"line":45,"column":36},"end":{"line":45,"column":50}},"6":{"start":{"line":47,"column":2},"end":{"line":53,"column":3}},"7":{"start":{"line":48,"column":17},"end":{"line":48,"column":41}},"8":{"start":{"line":49,"column":4},"end":{"line":49,"column":59}},"9":{"start":{"line":50,"column":4},"end":{"line":50,"column":11}},"10":{"start":{"line":52,"column":4},"end":{"line":52,"column":16}},"11":{"start":{"line":57,"column":0},"end":{"line":59,"column":2}},"12":{"start":{"line":58,"column":2},"end":{"line":58,"column":64}},"13":{"start":{"line":61,"column":0},"end":{"line":61,"column":52}}},"fnMap":{"0":{"name":"(anonymous_0)","decl":{"start":{"line":44,"column":23},"end":{"line":44,"column":24}},"loc":{"start":{"line":44,"column":44},"end":{"line":54,"column":1}},"line":44},"1":{"name":"(anonymous_1)","decl":{"start":{"line":57,"column":37},"end":{"line":57,"column":38}},"loc":{"start":{"line":57,"column":71},"end":{"line":59,"column":1}},"line":57}},"branchMap":{"0":{"loc":{"start":{"line":45,"column":2},"end":{"line":45,"column":50}},"type":"if","locations":[{"start":{"line":45,"column":2},"end":{"line":45,"column":50}},{"start":{},"end":{}}],"line":45}},"s":{"0":3,"1":3,"2":3,"3":3,"4":9,"5":0,"6":9,"7":9,"8":9,"9":9,"10":0,"11":3,"12":4,"13":3},"f":{"0":9,"1":4},"b":{"0":[0,9]},"_coverageSchema":"1a1c01bbd47fc00a2c39e90264f33305004495a9","hash":"462ed68c3f99f16b7c6510525840ef0be9027d6a"}
,"K:\\Projeto FichaParanormal\\server\\routes\\auth.js": {"path":"K:\\Projeto FichaParanormal\\server\\routes\\auth.js","statementMap":{"0":{"start":{"line":1,"column":16},"end":{"line":1,"column":34}},"1":{"start":{"line":2,"column":15},"end":{"line":2,"column":31}},"2":{"start":{"line":3,"column":15},"end":{"line":3,"column":34}},"3":{"start":{"line":4,"column":26},"end":{"line":4,"column":50}},"4":{"start":{"line":5,"column":13},"end":{"line":5,"column":38}},"5":{"start":{"line":6,"column":55},"end":{"line":6,"column":95}},"6":{"start":{"line":7,"column":17},"end":{"line":7,"column":46}},"7":{"start":{"line":12,"column":0},"end":{"line":12,"column":35}},"8":{"start":{"line":17,"column":0},"end":{"line":17,"column":29}},"9":{"start":{"line":20,"column":0},"end":{"line":20,"column":41}},"10":{"start":{"line":21,"column":0},"end":{"line":21,"column":44}},"11":{"start":{"line":23,"column":0},"end":{"line":23,"column":24}}},"fnMap":{},"branchMap":{},"s":{"0":1,"1":1,"2":1,"3":1,"4":1,"5":1,"6":1,"7":1,"8":1,"9":1,"10":1,"11":1},"f":{},"b":{},"_coverageSchema":"1a1c01bbd47fc00a2c39e90264f33305004495a9","hash":"d731490d85b77134fa187169ddbd94f1b6be0384"}
,"K:\\Projeto FichaParanormal\\server\\routes\\campaigns.js": {"path":"K:\\Projeto FichaParanormal\\server\\routes\\campaigns.js","statementMap":{"0":{"start":{"line":1,"column":16},"end":{"line":1,"column":34}},"1":{"start":{"line":2,"column":15},"end":{"line":2,"column":31}},"2":{"start":{"line":5,"column":0},"end":{"line":7,"column":3}},"3":{"start":{"line":6,"column":2},"end":{"line":6,"column":45}},"4":{"start":{"line":9,"column":0},"end":{"line":9,"column":24}}},"fnMap":{"0":{"name":"(anonymous_0)","decl":{"start":{"line":5,"column":16},"end":{"line":5,"column":17}},"loc":{"start":{"line":5,"column":30},"end":{"line":7,"column":1}},"line":5}},"branchMap":{},"s":{"0":1,"1":1,"2":1,"3":0,"4":1},"f":{"0":0},"b":{},"_coverageSchema":"1a1c01bbd47fc00a2c39e90264f33305004495a9","hash":"45c7efa12edffc5069f5cded815b97432470b6a9"}
,"K:\\Projeto FichaParanormal\\server\\routes\\characters.js": {"path":"K:\\Projeto FichaParanormal\\server\\routes\\characters.js","statementMap":{"0":{"start":{"line":1,"column":16},"end":{"line":1,"column":34}},"1":{"start":{"line":2,"column":15},"end":{"line":2,"column":31}},"2":{"start":{"line":5,"column":0},"end":{"line":7,"column":3}},"3":{"start":{"line":6,"column":2},"end":{"line":6,"column":47}},"4":{"start":{"line":9,"column":0},"end":{"line":9,"column":24}}},"fnMap":{"0":{"name":"(anonymous_0)","decl":{"start":{"line":5,"column":16},"end":{"line":5,"column":17}},"loc":{"start":{"line":5,"column":30},"end":{"line":7,"column":1}},"line":5}},"branchMap":{},"s":{"0":1,"1":1,"2":1,"3":0,"4":1},"f":{"0":0},"b":{},"_coverageSchema":"1a1c01bbd47fc00a2c39e90264f33305004495a9","hash":"59a8c4cecba0adc1bc40ba3cfc75e73e45fde8aa"}
,"K:\\Projeto FichaParanormal\\server\\routes\\sessions.js": {"path":"K:\\Projeto FichaParanormal\\server\\routes\\sessions.js","statementMap":{"0":{"start":{"line":1,"column":16},"end":{"line":1,"column":34}},"1":{"start":{"line":2,"column":15},"end":{"line":2,"column":31}},"2":{"start":{"line":5,"column":0},"end":{"line":7,"column":3}},"3":{"start":{"line":6,"column":2},"end":{"line":6,"column":43}},"4":{"start":{"line":9,"column":0},"end":{"line":9,"column":24}}},"fnMap":{"0":{"name":"(anonymous_0)","decl":{"start":{"line":5,"column":16},"end":{"line":5,"column":17}},"loc":{"start":{"line":5,"column":30},"end":{"line":7,"column":1}},"line":5}},"branchMap":{},"s":{"0":1,"1":1,"2":1,"3":0,"4":1},"f":{"0":0},"b":{},"_coverageSchema":"1a1c01bbd47fc00a2c39e90264f33305004495a9","hash":"7d0cb3f80d2a324160494271e3bf50da3fc8f8cb"}
}
