TN:
SF:config\express.js
FN:28,(anonymous_0)
FNF:1
FNH:0
FNDA:0,(anonymous_0)
DA:1,1
DA:2,1
DA:3,1
DA:4,1
DA:5,1
DA:7,1
DA:10,1
DA:11,1
DA:12,1
DA:13,1
DA:14,1
DA:17,1
DA:20,1
DA:23,1
DA:24,1
DA:25,1
DA:28,1
DA:29,0
DA:30,0
DA:33,1
LF:20
LH:18
BRF:0
BRH:0
end_of_record
TN:
SF:config\jwt.js
FN:4,(anonymous_0)
FN:16,(anonymous_1)
FN:24,(anonymous_2)
FNF:3
FNH:1
FNDA:2,(anonymous_0)
FNDA:0,(anonymous_1)
FNDA:0,(anonymous_2)
DA:1,1
DA:2,1
DA:4,1
DA:5,2
DA:16,1
DA:17,0
DA:18,0
DA:20,0
DA:24,1
DA:25,0
DA:27,0
DA:28,0
DA:34,0
DA:36,0
DA:37,0
DA:43,0
DA:44,0
DA:47,1
LF:18
LH:7
BRDA:27,0,0,0
BRDA:27,0,1,0
BRDA:36,1,0,0
BRDA:36,1,1,0
BRF:4
BRH:0
end_of_record
TN:
SF:controllers\authController.js
FN:5,(anonymous_0)
FN:12,(anonymous_1)
FN:48,(anonymous_2)
FN:82,(anonymous_3)
FN:99,(anonymous_4)
FNF:5
FNH:4
FNDA:2,(anonymous_0)
FNDA:2,(anonymous_1)
FNDA:2,(anonymous_2)
FNDA:1,(anonymous_3)
FNDA:0,(anonymous_4)
DA:1,1
DA:2,1
DA:3,1
DA:5,1
DA:6,2
DA:11,1
DA:13,2
DA:14,2
DA:17,2
DA:18,2
DA:19,1
DA:23,1
DA:31,1
DA:33,1
DA:44,0
DA:49,2
DA:50,2
DA:53,2
DA:54,2
DA:55,0
DA:59,2
DA:60,2
DA:61,1
DA:65,1
DA:67,1
DA:78,0
DA:83,1
DA:84,1
DA:89,0
DA:90,0
DA:93,0
DA:95,1
DA:100,0
DA:101,0
DA:102,0
DA:104,0
DA:105,0
DA:108,0
DA:109,0
DA:110,0
DA:112,0
DA:114,0
DA:121,0
DA:126,1
LF:44
LH:27
BRDA:18,0,0,1
BRDA:18,0,1,1
BRDA:27,1,0,1
BRDA:27,1,1,0
BRDA:54,2,0,0
BRDA:54,2,1,2
BRDA:60,3,0,1
BRDA:60,3,1,1
BRDA:89,4,0,0
BRDA:89,4,1,0
BRDA:104,5,0,0
BRDA:104,5,1,0
BRDA:108,6,0,0
BRDA:108,6,1,0
BRDA:109,7,0,0
BRDA:109,7,1,0
BRDA:110,8,0,0
BRDA:110,8,1,0
BRF:18
BRH:6
end_of_record
TN:
SF:middleware\auth.js
FN:4,(anonymous_0)
FN:26,(anonymous_1)
FNF:2
FNH:2
FNDA:5,(anonymous_0)
FNDA:2,(anonymous_1)
DA:1,2
DA:2,2
DA:4,2
DA:5,5
DA:6,5
DA:8,5
DA:9,2
DA:12,3
DA:13,2
DA:15,2
DA:16,0
DA:19,2
DA:20,2
DA:22,1
DA:26,2
DA:27,2
DA:28,2
DA:29,1
DA:31,1
DA:33,0
DA:37,2
LF:21
LH:19
BRDA:8,0,0,2
BRDA:8,0,1,3
BRDA:15,1,0,0
BRDA:15,1,1,2
BRDA:28,2,0,1
BRDA:28,2,1,1
BRF:6
BRH:5
end_of_record
TN:
SF:models\Campaign.js
FN:64,(anonymous_0)
FNF:1
FNH:1
FNDA:4,(anonymous_0)
DA:1,1
DA:3,1
DA:64,1
DA:65,4
DA:66,4
DA:69,1
LF:6
LH:6
BRF:0
BRH:0
end_of_record
TN:
SF:models\Character.js
FN:126,(anonymous_0)
FNF:1
FNH:1
FNDA:3,(anonymous_0)
DA:1,1
DA:3,1
DA:126,1
DA:127,3
DA:128,3
DA:131,1
LF:6
LH:6
BRF:0
BRH:0
end_of_record
TN:
SF:models\Session.js
FN:97,(anonymous_0)
FNF:1
FNH:1
FNDA:4,(anonymous_0)
DA:1,1
DA:3,1
DA:36,1
DA:97,1
DA:98,4
DA:99,4
DA:102,1
LF:7
LH:7
BRF:0
BRH:0
end_of_record
TN:
SF:models\User.js
FN:44,(anonymous_0)
FN:57,(anonymous_1)
FNF:2
FNH:2
FNDA:9,(anonymous_0)
FNDA:4,(anonymous_1)
DA:1,3
DA:2,3
DA:4,3
DA:44,3
DA:45,9
DA:47,9
DA:48,9
DA:49,9
DA:50,9
DA:52,0
DA:57,3
DA:58,4
DA:61,3
LF:13
LH:12
BRDA:45,0,0,0
BRDA:45,0,1,9
BRF:2
BRH:1
end_of_record
TN:
SF:routes\auth.js
FNF:0
FNH:0
DA:1,1
DA:2,1
DA:3,1
DA:4,1
DA:5,1
DA:6,1
DA:7,1
DA:12,1
DA:17,1
DA:20,1
DA:21,1
DA:23,1
LF:12
LH:12
BRF:0
BRH:0
end_of_record
TN:
SF:routes\campaigns.js
FN:5,(anonymous_0)
FNF:1
FNH:0
FNDA:0,(anonymous_0)
DA:1,1
DA:2,1
DA:5,1
DA:6,0
DA:9,1
LF:5
LH:4
BRF:0
BRH:0
end_of_record
TN:
SF:routes\characters.js
FN:5,(anonymous_0)
FNF:1
FNH:0
FNDA:0,(anonymous_0)
DA:1,1
DA:2,1
DA:5,1
DA:6,0
DA:9,1
LF:5
LH:4
BRF:0
BRH:0
end_of_record
TN:
SF:routes\sessions.js
FN:5,(anonymous_0)
FNF:1
FNH:0
FNDA:0,(anonymous_0)
DA:1,1
DA:2,1
DA:5,1
DA:6,0
DA:9,1
LF:5
LH:4
BRF:0
BRH:0
end_of_record
